info @storybook/vue3 v6.5.10
info 
info => Cleaning outputDir: /var/folders/x2/gnr60hmx62vgnxng_dzj2dd40000gp/T/chromatic--88770-qISiULuNOaSC
info => Loading presets
info => Compiling manager..
vite v3.0.9 building for production...
transforming...
Use of eval is strongly discouraged, as it poses security risks and may cause issues with minification
Use of eval is strongly discouraged, as it poses security risks and may cause issues with minification
Use of eval is strongly discouraged, as it poses security risks and may cause issues with minification
✓ 1362 modules transformed.
rendering chunks...
info => Manager built (20 s)
../../../../../var/folders/x2/gnr60hmx62vgnxng_dzj2dd40000gp/T/chromatic--88770-qISiULuNOaSC/iframe.html                                          13.28 KiB
../../../../../var/folders/x2/gnr60hmx62vgnxng_dzj2dd40000gp/T/chromatic--88770-qISiULuNOaSC/assets/config.1c80e62a.js                            0.22 KiB / gzip: 0.18 KiB
../../../../../var/folders/x2/gnr60hmx62vgnxng_dzj2dd40000gp/T/chromatic--88770-qISiULuNOaSC/assets/config.1c80e62a.js.map                        0.44 KiB
../../../../../var/folders/x2/gnr60hmx62vgnxng_dzj2dd40000gp/T/chromatic--88770-qISiULuNOaSC/assets/decorateStory.e4f9e3f9.js                     1.55 KiB / gzip: 0.79 KiB
../../../../../var/folders/x2/gnr60hmx62vgnxng_dzj2dd40000gp/T/chromatic--88770-qISiULuNOaSC/assets/decorateStory.e4f9e3f9.js.map                 6.48 KiB
../../../../../var/folders/x2/gnr60hmx62vgnxng_dzj2dd40000gp/T/chromatic--88770-qISiULuNOaSC/assets/string.f2d3baf0.js                            0.26 KiB / gzip: 0.22 KiB
../../../../../var/folders/x2/gnr60hmx62vgnxng_dzj2dd40000gp/T/chromatic--88770-qISiULuNOaSC/assets/string.f2d3baf0.js.map                        1.18 KiB
../../../../../var/folders/x2/gnr60hmx62vgnxng_dzj2dd40000gp/T/chromatic--88770-qISiULuNOaSC/assets/jsx-runtime.1e03baf1.js                       8.78 KiB / gzip: 3.39 KiB
../../../../../var/folders/x2/gnr60hmx62vgnxng_dzj2dd40000gp/T/chromatic--88770-qISiULuNOaSC/assets/jsx-runtime.1e03baf1.js.map                   21.34 KiB
../../../../../var/folders/x2/gnr60hmx62vgnxng_dzj2dd40000gp/T/chromatic--88770-qISiULuNOaSC/assets/es.map.constructor.c9668b61.js                0.15 KiB / gzip: 0.14 KiB
../../../../../var/folders/x2/gnr60hmx62vgnxng_dzj2dd40000gp/T/chromatic--88770-qISiULuNOaSC/assets/es.map.constructor.c9668b61.js.map            0.79 KiB
../../../../../var/folders/x2/gnr60hmx62vgnxng_dzj2dd40000gp/T/chromatic--88770-qISiULuNOaSC/assets/preview.e9399fb7.js                           0.64 KiB / gzip: 0.41 KiB
../../../../../var/folders/x2/gnr60hmx62vgnxng_dzj2dd40000gp/T/chromatic--88770-qISiULuNOaSC/assets/preview.e9399fb7.js.map                       7.46 KiB
../../../../../var/folders/x2/gnr60hmx62vgnxng_dzj2dd40000gp/T/chromatic--88770-qISiULuNOaSC/assets/make-decorator.83ae04a4.js                    0.73 KiB / gzip: 0.43 KiB
../../../../../var/folders/x2/gnr60hmx62vgnxng_dzj2dd40000gp/T/chromatic--88770-qISiULuNOaSC/assets/make-decorator.83ae04a4.js.map                3.02 KiB
../../../../../var/folders/x2/gnr60hmx62vgnxng_dzj2dd40000gp/T/chromatic--88770-qISiULuNOaSC/assets/preview.66b4769a.js                           1.47 KiB / gzip: 0.53 KiB
../../../../../var/folders/x2/gnr60hmx62vgnxng_dzj2dd40000gp/T/chromatic--88770-qISiULuNOaSC/assets/preview.66b4769a.js.map                       4.13 KiB
../../../../../var/folders/x2/gnr60hmx62vgnxng_dzj2dd40000gp/T/chromatic--88770-qISiULuNOaSC/assets/preview.b15f1317.js                           4.17 KiB / gzip: 1.59 KiB
../../../../../var/folders/x2/gnr60hmx62vgnxng_dzj2dd40000gp/T/chromatic--88770-qISiULuNOaSC/assets/preview.b15f1317.js.map                       16.95 KiB
../../../../../var/folders/x2/gnr60hmx62vgnxng_dzj2dd40000gp/T/chromatic--88770-qISiULuNOaSC/assets/preview.af1323e4.js                           8.42 KiB / gzip: 2.94 KiB
../../../../../var/folders/x2/gnr60hmx62vgnxng_dzj2dd40000gp/T/chromatic--88770-qISiULuNOaSC/assets/preview.af1323e4.js.map                       38.60 KiB
../../../../../var/folders/x2/gnr60hmx62vgnxng_dzj2dd40000gp/T/chromatic--88770-qISiULuNOaSC/assets/es.number.to-fixed.e407e86c.js                1.49 KiB / gzip: 0.90 KiB
../../../../../var/folders/x2/gnr60hmx62vgnxng_dzj2dd40000gp/T/chromatic--88770-qISiULuNOaSC/assets/es.number.to-fixed.e407e86c.js.map            8.01 KiB
../../../../../var/folders/x2/gnr60hmx62vgnxng_dzj2dd40000gp/T/chromatic--88770-qISiULuNOaSC/assets/preview.297faf25.js                           9.12 KiB / gzip: 3.46 KiB
../../../../../var/folders/x2/gnr60hmx62vgnxng_dzj2dd40000gp/T/chromatic--88770-qISiULuNOaSC/assets/preview.297faf25.js.map                       42.19 KiB
../../../../../var/folders/x2/gnr60hmx62vgnxng_dzj2dd40000gp/T/chromatic--88770-qISiULuNOaSC/assets/preview.a0685920.js                           7.74 KiB / gzip: 1.55 KiB
../../../../../var/folders/x2/gnr60hmx62vgnxng_dzj2dd40000gp/T/chromatic--88770-qISiULuNOaSC/assets/preview.a0685920.js.map                       17.08 KiB
../../../../../var/folders/x2/gnr60hmx62vgnxng_dzj2dd40000gp/T/chromatic--88770-qISiULuNOaSC/assets/preview.b24f3829.js                           24.86 KiB / gzip: 7.84 KiB
../../../../../var/folders/x2/gnr60hmx62vgnxng_dzj2dd40000gp/T/chromatic--88770-qISiULuNOaSC/assets/preview.b24f3829.js.map                       101.75 KiB
../../../../../var/folders/x2/gnr60hmx62vgnxng_dzj2dd40000gp/T/chromatic--88770-qISiULuNOaSC/assets/preview.5dfc337f.js                           0.13 KiB / gzip: 0.14 KiB
../../../../../var/folders/x2/gnr60hmx62vgnxng_dzj2dd40000gp/T/chromatic--88770-qISiULuNOaSC/assets/preview.5dfc337f.js.map                       0.48 KiB
../../../../../var/folders/x2/gnr60hmx62vgnxng_dzj2dd40000gp/T/chromatic--88770-qISiULuNOaSC/assets/_plugin-vue_export-helper.cdc0426e.js         0.09 KiB / gzip: 0.10 KiB
../../../../../var/folders/x2/gnr60hmx62vgnxng_dzj2dd40000gp/T/chromatic--88770-qISiULuNOaSC/assets/_plugin-vue_export-helper.cdc0426e.js.map     0.12 KiB
../../../../../var/folders/x2/gnr60hmx62vgnxng_dzj2dd40000gp/T/chromatic--88770-qISiULuNOaSC/assets/Button.stories.52fbe11d.js                    3.66 KiB / gzip: 1.41 KiB
../../../../../var/folders/x2/gnr60hmx62vgnxng_dzj2dd40000gp/T/chromatic--88770-qISiULuNOaSC/assets/Button.stories.52fbe11d.js.map                2.80 KiB
../../../../../var/folders/x2/gnr60hmx62vgnxng_dzj2dd40000gp/T/chromatic--88770-qISiULuNOaSC/assets/SupButton.stories.6836b639.js                 3.55 KiB / gzip: 1.57 KiB
../../../../../var/folders/x2/gnr60hmx62vgnxng_dzj2dd40000gp/T/chromatic--88770-qISiULuNOaSC/assets/SupButton.stories.6836b639.js.map             19.91 KiB
../../../../../var/folders/x2/gnr60hmx62vgnxng_dzj2dd40000gp/T/chromatic--88770-qISiULuNOaSC/assets/renderDocs.b67b634b.js                        2.35 KiB / gzip: 1.16 KiB
../../../../../var/folders/x2/gnr60hmx62vgnxng_dzj2dd40000gp/T/chromatic--88770-qISiULuNOaSC/assets/renderDocs.b67b634b.js.map                    9.42 KiB
../../../../../var/folders/x2/gnr60hmx62vgnxng_dzj2dd40000gp/T/chromatic--88770-qISiULuNOaSC/assets/es.string.from-code-point.e9eb1b15.js         0.42 KiB / gzip: 0.33 KiB
../../../../../var/folders/x2/gnr60hmx62vgnxng_dzj2dd40000gp/T/chromatic--88770-qISiULuNOaSC/assets/es.string.from-code-point.e9eb1b15.js.map     2.18 KiB
../../../../../var/folders/x2/gnr60hmx62vgnxng_dzj2dd40000gp/T/chromatic--88770-qISiULuNOaSC/assets/es.regexp.flags.65f2084f.js                   0.51 KiB / gzip: 0.38 KiB
../../../../../var/folders/x2/gnr60hmx62vgnxng_dzj2dd40000gp/T/chromatic--88770-qISiULuNOaSC/assets/es.regexp.flags.65f2084f.js.map               2.73 KiB
../../../../../var/folders/x2/gnr60hmx62vgnxng_dzj2dd40000gp/T/chromatic--88770-qISiULuNOaSC/assets/GlobalScrollAreaStyles-8793ce4a.a2967891.js   10.17 KiB / gzip: 2.30 KiB
../../../../../var/folders/x2/gnr60hmx62vgnxng_dzj2dd40000gp/T/chromatic--88770-qISiULuNOaSC/assets/GlobalScrollAreaStyles-8793ce4a.a2967891.js.map 20.54 KiB
../../../../../var/folders/x2/gnr60hmx62vgnxng_dzj2dd40000gp/T/chromatic--88770-qISiULuNOaSC/assets/SupButton.stories.6dffc524.css                0.51 KiB / gzip: 0.31 KiB
../../../../../var/folders/x2/gnr60hmx62vgnxng_dzj2dd40000gp/T/chromatic--88770-qISiULuNOaSC/assets/Button.stories.4c6328c5.css                   0.61 KiB / gzip: 0.30 KiB
../../../../../var/folders/x2/gnr60hmx62vgnxng_dzj2dd40000gp/T/chromatic--88770-qISiULuNOaSC/assets/WithTooltip-167e9982.4cb91876.js              37.69 KiB / gzip: 12.42 KiB
../../../../../var/folders/x2/gnr60hmx62vgnxng_dzj2dd40000gp/T/chromatic--88770-qISiULuNOaSC/assets/WithTooltip-167e9982.4cb91876.js.map          174.45 KiB
../../../../../var/folders/x2/gnr60hmx62vgnxng_dzj2dd40000gp/T/chromatic--88770-qISiULuNOaSC/assets/Color-f953d088.a30f4482.js                    32.49 KiB / gzip: 12.18 KiB
../../../../../var/folders/x2/gnr60hmx62vgnxng_dzj2dd40000gp/T/chromatic--88770-qISiULuNOaSC/assets/Color-f953d088.a30f4482.js.map                128.29 KiB
../../../../../var/folders/x2/gnr60hmx62vgnxng_dzj2dd40000gp/T/chromatic--88770-qISiULuNOaSC/assets/config.a5b7408a.js                            77.51 KiB / gzip: 22.14 KiB
../../../../../var/folders/x2/gnr60hmx62vgnxng_dzj2dd40000gp/T/chromatic--88770-qISiULuNOaSC/assets/config.a5b7408a.js.map                        278.29 KiB
../../../../../var/folders/x2/gnr60hmx62vgnxng_dzj2dd40000gp/T/chromatic--88770-qISiULuNOaSC/assets/OverlayScrollbars-1355f44c.79583566.js        57.71 KiB / gzip: 24.78 KiB
../../../../../var/folders/x2/gnr60hmx62vgnxng_dzj2dd40000gp/T/chromatic--88770-qISiULuNOaSC/assets/OverlayScrollbars-1355f44c.79583566.js.map    426.67 KiB
../../../../../var/folders/x2/gnr60hmx62vgnxng_dzj2dd40000gp/T/chromatic--88770-qISiULuNOaSC/assets/index.545f7c62.js                             119.92 KiB / gzip: 37.67 KiB
../../../../../var/folders/x2/gnr60hmx62vgnxng_dzj2dd40000gp/T/chromatic--88770-qISiULuNOaSC/assets/index.545f7c62.js.map                         283.79 KiB
../../../../../var/folders/x2/gnr60hmx62vgnxng_dzj2dd40000gp/T/chromatic--88770-qISiULuNOaSC/assets/syntaxhighlighter-b07b042a.4b892cd1.js        122.72 KiB / gzip: 46.66 KiB
../../../../../var/folders/x2/gnr60hmx62vgnxng_dzj2dd40000gp/T/chromatic--88770-qISiULuNOaSC/assets/syntaxhighlighter-b07b042a.4b892cd1.js.map    453.26 KiB
../../../../../var/folders/x2/gnr60hmx62vgnxng_dzj2dd40000gp/T/chromatic--88770-qISiULuNOaSC/assets/vue.esm-bundler.c775131b.js                   135.07 KiB / gzip: 52.38 KiB
../../../../../var/folders/x2/gnr60hmx62vgnxng_dzj2dd40000gp/T/chromatic--88770-qISiULuNOaSC/assets/vue.esm-bundler.c775131b.js.map               934.05 KiB
../../../../../var/folders/x2/gnr60hmx62vgnxng_dzj2dd40000gp/T/chromatic--88770-qISiULuNOaSC/assets/iframe.d6161399.js                            466.76 KiB / gzip: 132.44 KiB
../../../../../var/folders/x2/gnr60hmx62vgnxng_dzj2dd40000gp/T/chromatic--88770-qISiULuNOaSC/assets/iframe.d6161399.js.map                        1405.29 KiB
../../../../../var/folders/x2/gnr60hmx62vgnxng_dzj2dd40000gp/T/chromatic--88770-qISiULuNOaSC/assets/index.3b1c9a3a.js                             463.75 KiB / gzip: 137.77 KiB
../../../../../var/folders/x2/gnr60hmx62vgnxng_dzj2dd40000gp/T/chromatic--88770-qISiULuNOaSC/assets/index.3b1c9a3a.js.map                         1136.82 KiB
../../../../../var/folders/x2/gnr60hmx62vgnxng_dzj2dd40000gp/T/chromatic--88770-qISiULuNOaSC/assets/formatter-0d5cb0eb.653edb10.js                715.31 KiB / gzip: 225.14 KiB
../../../../../var/folders/x2/gnr60hmx62vgnxng_dzj2dd40000gp/T/chromatic--88770-qISiULuNOaSC/assets/formatter-0d5cb0eb.653edb10.js.map            1705.28 KiB

(!) Some chunks are larger than 500 KiB after minification. Consider:
- Using dynamic import() to code-split the application
- Use build.rollupOptions.output.manualChunks to improve chunking: https://rollupjs.org/guide/en/#outputmanualchunks
- Adjust chunk size limit for this warning via build.chunkSizeWarningLimit.
info => Output directory: /var/folders/x2/gnr60hmx62vgnxng_dzj2dd40000gp/T/chromatic--88770-qISiULuNOaSC
